<?xml version="1.0" encoding="UTF-8"?>
<testng-results ignored="0" total="2" passed="2" failed="0" skipped="0">
  <reporter-output>
  </reporter-output>
  <suite started-at="2026-01-19T15:41:59 IST" name="Default suite" finished-at="2026-01-19T15:41:59 IST" duration-ms="112">
    <groups>
    </groups>
    <test started-at="2026-01-19T15:41:59 IST" name="Default test" finished-at="2026-01-19T15:41:59 IST" duration-ms="112">
      <class name="JavaStreams.test01">
        <test-method signature="regular()[pri:0, instance:JavaStreams.test01@7b98f307]" started-at="2026-01-19T15:41:59 IST" name="regular" finished-at="2026-01-19T15:41:59 IST" duration-ms="16" status="PASS">
          <reporter-output>
          </reporter-output>
        </test-method> <!-- regular -->
        <test-method signature="streamFilter()[pri:0, instance:JavaStreams.test01@7b98f307]" started-at="2026-01-19T15:41:59 IST" name="streamFilter" finished-at="2026-01-19T15:41:59 IST" duration-ms="6" status="PASS">
          <reporter-output>
          </reporter-output>
        </test-method> <!-- streamFilter -->
      </class> <!-- JavaStreams.test01 -->
    </test> <!-- Default test -->
  </suite> <!-- Default suite -->
</testng-results>
